0 info it worked if it ends with ok
1 verbose cli [ 'C:\\Program Files\\nodejs\\node.exe',
1 verbose cli   'C:\\Program Files\\nodejs\\node_modules\\npm\\bin\\npm-cli.js',
1 verbose cli   'run',
1 verbose cli   'styles:watch' ]
2 info using npm@3.10.10
3 info using node@v6.9.4
4 verbose run-script [ 'prestyles:watch', 'styles:watch', 'poststyles:watch' ]
5 info lifecycle cotd@0.0.1~prestyles:watch: cotd@0.0.1
6 silly lifecycle cotd@0.0.1~prestyles:watch: no script for prestyles:watch, continuing
7 info lifecycle cotd@0.0.1~styles:watch: cotd@0.0.1
8 verbose lifecycle cotd@0.0.1~styles:watch: unsafe-perm in lifecycle true
9 verbose lifecycle cotd@0.0.1~styles:watch: PATH: C:\Program Files\nodejs\node_modules\npm\bin\node-gyp-bin;C:\Users\Thales\Documents\GitHub\sandbox\react-sandbox\node_modules\.bin;C:\Program Files\nodejs\node_modules\npm\bin\node-gyp-bin;C:\Users\Thales\Documents\GitHub\sandbox\react-sandbox\node_modules\.bin;C:\Ruby23-x64\bin;C:\ProgramData\Oracle\Java\javapath;C:\Program Files\Common Files\Microsoft Shared\Windows Live;C:\Program Files (x86)\Common Files\Microsoft Shared\Windows Live;C:\Program Files (x86)\NVIDIA Corporation\PhysX\Common;C:\Windows\system32;C:\Windows;C:\Windows\System32\Wbem;C:\Program Files (x86)\AMD\ATI.ACE\Core-Static;C:\Program Files\TortoiseGit\bin;C:\xampp\php;C:\ProgramData\ComposerSetup\bin;C:\Program Files (x86)\Windows Live\Shared;C:\Program Files\MongoDB\Server\3.2\bin;C:\Program Files (x86)\Skype\Phone\;C:\Program Files\Sublime Text 3;C:\HashiCorp\Vagrant\bin;C:\Program Files (x86)\Heroku\bin;C:\Program Files (x86)\git\cmd;C:\Program Files (x86)\Git\cmd;C:\Windows\System32\WindowsPowerShell\v1.0\;C:\Program Files\MongoDB\Server\3.4\bin;C:\Program Files\nodejs\;C:\Program Files (x86)\OpenShift-RHC;C:\Program Files (x86)\Microsoft VS Code\bin;C:\Users\Thales\AppData\Roaming\npm
10 verbose lifecycle cotd@0.0.1~styles:watch: CWD: C:\Users\Thales\Documents\GitHub\sandbox\react-sandbox
11 silly lifecycle cotd@0.0.1~styles:watch: Args: [ '/d /s /c',
11 silly lifecycle   'stylus -u autoprefixer-stylus -w ./src/css/style.styl -o ./src/css/style.css' ]
12 silly lifecycle cotd@0.0.1~styles:watch: Returned: code: 1  signal: null
13 info lifecycle cotd@0.0.1~styles:watch: Failed to exec styles:watch script
14 verbose stack Error: cotd@0.0.1 styles:watch: `stylus -u autoprefixer-stylus -w ./src/css/style.styl -o ./src/css/style.css`
14 verbose stack Exit status 1
14 verbose stack     at EventEmitter.<anonymous> (C:\Program Files\nodejs\node_modules\npm\lib\utils\lifecycle.js:255:16)
14 verbose stack     at emitTwo (events.js:106:13)
14 verbose stack     at EventEmitter.emit (events.js:191:7)
14 verbose stack     at ChildProcess.<anonymous> (C:\Program Files\nodejs\node_modules\npm\lib\utils\spawn.js:40:14)
14 verbose stack     at emitTwo (events.js:106:13)
14 verbose stack     at ChildProcess.emit (events.js:191:7)
14 verbose stack     at maybeClose (internal/child_process.js:877:16)
14 verbose stack     at Process.ChildProcess._handle.onexit (internal/child_process.js:226:5)
15 verbose pkgid cotd@0.0.1
16 verbose cwd C:\Users\Thales\Documents\GitHub\sandbox\react-sandbox
17 error Windows_NT 6.1.7601
18 error argv "C:\\Program Files\\nodejs\\node.exe" "C:\\Program Files\\nodejs\\node_modules\\npm\\bin\\npm-cli.js" "run" "styles:watch"
19 error node v6.9.4
20 error npm  v3.10.10
21 error code ELIFECYCLE
22 error cotd@0.0.1 styles:watch: `stylus -u autoprefixer-stylus -w ./src/css/style.styl -o ./src/css/style.css`
22 error Exit status 1
23 error Failed at the cotd@0.0.1 styles:watch script 'stylus -u autoprefixer-stylus -w ./src/css/style.styl -o ./src/css/style.css'.
23 error Make sure you have the latest version of node.js and npm installed.
23 error If you do, this is most likely a problem with the cotd package,
23 error not with npm itself.
23 error Tell the author that this fails on your system:
23 error     stylus -u autoprefixer-stylus -w ./src/css/style.styl -o ./src/css/style.css
23 error You can get information on how to open an issue for this project with:
23 error     npm bugs cotd
23 error Or if that isn't available, you can get their info via:
23 error     npm owner ls cotd
23 error There is likely additional logging output above.
24 verbose exit [ 1, true ]
